0 silly argv {
0 silly argv   _: [ 'import' ],
0 silly argv   lernaVersion: '4.0.0',
0 silly argv   '$0': '/Users/d438477/devel/github.com/thekorn/view-components-js/node_modules/.bin/lerna',
0 silly argv   dir: '../html-parser'
0 silly argv }
1 notice cli v4.0.0
2 verbose rootPath /Users/d438477/devel/github.com/thekorn/view-components-js
3 error Error: Command failed with exit code 128: git rev-parse HEAD
3 error fatal: mehrdeutiges Argument 'HEAD': unbekannter Commit oder Pfad existiert nicht
3 error im Arbeitsverzeichnis
3 error Benutzen Sie '--', um Pfade und Commits zu trennen, ähnlich wie:
3 error 'git <Befehl> [<Commit>...] -- [<Datei>...]'
3 error HEAD
3 error     at makeError (/Users/d438477/devel/github.com/thekorn/view-components-js/node_modules/execa/lib/error.js:59:11)
3 error     at Function.module.exports.sync (/Users/d438477/devel/github.com/thekorn/view-components-js/node_modules/execa/index.js:186:17)
3 error     at Object.execSync (/Users/d438477/devel/github.com/thekorn/view-components-js/node_modules/@lerna/child-process/index.js:39:16)
3 error     at ImportCommand.execSync (/Users/d438477/devel/github.com/thekorn/view-components-js/node_modules/@lerna/import/index.js:141:25)
3 error     at ImportCommand.getCurrentSHA (/Users/d438477/devel/github.com/thekorn/view-components-js/node_modules/@lerna/import/index.js:133:17)
3 error     at ImportCommand.initialize (/Users/d438477/devel/github.com/thekorn/view-components-js/node_modules/@lerna/import/index.js:102:31)
